This is pdfTeX, Version 3.141592653-2.6-1.40.29 (MiKTeX 26.2) (preloaded format=pdflatex 2026.2.28)  13 APR 2026 17:39
entering extended mode
 restricted \write18 enabled.
 file:line:error style messages enabled.
 %&-line parsing enabled.
**"c:/Users/Joel/Desktop/Universidad/Septimo Semestre/Inteligencia Artificial/Proyecto/proyecto_ia_1/informe/informe_proyecto_ia.tex"
(c:/Users/Joel/Desktop/Universidad/Septimo Semestre/Inteligencia Artificial/Proyecto/proyecto_ia_1/informe/informe_proyecto_ia.tex
LaTeX2e <2025-11-01>
L3 programming layer <2026-01-19>
(C:\Users\Joel\AppData\Local\Programs\MiKTeX\tex/latex/base\article.cls
Document Class: article 2025/01/22 v1.4n Standard LaTeX document class
(C:\Users\Joel\AppData\Local\Programs\MiKTeX\tex/latex/base\size11.clo
File: size11.clo 2025/01/22 v1.4n Standard LaTeX file (size option)
)
\c@part=\count275
\c@section=\count276
\c@subsection=\count277
\c@subsubsection=\count278
\c@paragraph=\count279
\c@subparagraph=\count280
\c@figure=\count281
\c@table=\count282
\abovecaptionskip=\skip49
\belowcaptionskip=\skip50
\bibindent=\dimen148
) (C:\Users\Joel\AppData\Local\Programs\MiKTeX\tex/latex/geometry\geometry.sty
Package: geometry 2020/01/02 v5.9 Page Geometry
 (C:\Users\Joel\AppData\Local\Programs\MiKTeX\tex/latex/graphics\keyval.sty
Package: keyval 2022/05/29 v1.15 key=value parser (DPC)
\KV@toks@=\toks17
) (C:\Users\Joel\AppData\Local\Programs\MiKTeX\tex/generic/iftex\ifvtex.sty
Package: ifvtex 2019/10/25 v1.7 ifvtex legacy package. Use iftex instead.
 (C:\Users\Joel\AppData\Local\Programs\MiKTeX\tex/generic/iftex\iftex.sty
Package: iftex 2024/12/12 v1.0g TeX engine tests
))
\Gm@cnth=\count283
\Gm@cntv=\count284
\c@Gm@tempcnt=\count285
\Gm@bindingoffset=\dimen149
\Gm@wd@mp=\dimen150
\Gm@odd@mp=\dimen151
\Gm@even@mp=\dimen152
\Gm@layoutwidth=\dimen153
\Gm@layoutheight=\dimen154
\Gm@layouthoffset=\dimen155
\Gm@layoutvoffset=\dimen156
\Gm@dimlist=\toks18
 (C:\Users\Joel\AppData\Local\Programs\MiKTeX\tex/latex/geometry\geometry.cfg)) (C:\Users\Joel\AppData\Local\Programs\MiKTeX\tex/latex/base\fontenc.sty
Package: fontenc 2025/07/18 v2.1d Standard LaTeX package
) (C:\Users\Joel\AppData\Local\Programs\MiKTeX\tex/latex/base\inputenc.sty
Package: inputenc 2024/02/08 v1.3d Input encoding file
\inpenc@prehook=\toks19
\inpenc@posthook=\toks20
) (C:\Users\Joel\AppData\Local\Programs\MiKTeX\tex/generic/babel\babel.sty
Package: babel 2026/02/14 v26.3 The multilingual framework for LuaLaTeX, pdfLaTeX and XeLaTeX
\babel@savecnt=\count286
LaTeX Encoding Info:    Redeclaring text command \ij (encoding OT1) on input line 2078.
LaTeX Encoding Info:    Redeclaring text command \IJ (encoding OT1) on input line 2080.
LaTeX Encoding Info:    Redeclaring text command \ij (encoding T1) on input line 2082.
LaTeX Encoding Info:    Redeclaring text command \IJ (encoding T1) on input line 2083.
LaTeX Encoding Info:    Ignoring declaration for text command \ij (encoding ?) on input line 2084.
LaTeX Encoding Info:    Ignoring declaration for text command \IJ (encoding ?) on input line 2086.
LaTeX Encoding Info:    Ignoring declaration for text command \SS (encoding ?) on input line 2111.
\U@D=\dimen157
\l@unhyphenated=\language79
 (C:\Users\Joel\AppData\Local\Programs\MiKTeX\tex/generic/babel\txtbabel.def)
\bbl@readstream=\read2
\bbl@dirlevel=\count287
Package babel Info: Configuration files are deprecated, as
(babel)             they can break document portability.
(babel)             Reported on input line 4206.

*************************************
* Local config file bblopts.cfg used
*
(C:\Users\Joel\AppData\Local\Programs\MiKTeX\tex/latex/arabi\bblopts.cfg
File: bblopts.cfg 2005/09/08 v0.1 add Arabic and Farsi to "declared" options of babel
) (C:\Users\Joel\AppData\Local\Programs\MiKTeX\tex/generic/babel/locale/es\babel-spanish.tex)
Package babel Info: Importing font and identification data for spanish
(babel)             from babel-es.ini. Reported on input line 4330.
 (C:\Users\Joel\AppData\Local\Programs\MiKTeX\tex/latex/babel-spanish\spanish.ldf
Language: spanish.ldf 2021/05/27 v5.0q Spanish support from the babel system
\es@quottoks=\toks21
\es@quotdepth=\count288
))
LaTeX Encoding Info:    Redeclaring text command \guillemotleft (encoding OT1) on input line 7.
LaTeX Encoding Info:    Redeclaring text command \guillemotright (encoding OT1) on input line 7.
 (C:\Users\Joel\AppData\Local\Programs\MiKTeX\tex/latex/microtype\microtype.sty
Package: microtype 2026/03/01 v3.2d Micro-typographical refinements (RS)
 (C:\Users\Joel\AppData\Local\Programs\MiKTeX\tex/latex/etoolbox\etoolbox.sty
Package: etoolbox 2025/10/02 v2.5m e-TeX tools for LaTeX (JAW)
\etb@tempcnta=\count289
)
\MT@toks=\toks22
\MT@tempbox=\box53
\MT@count=\count290
LaTeX Info: Redefining \noprotrusionifhmode on input line 1084.
LaTeX Info: Redefining \leftprotrusion on input line 1085.
\MT@prot@toks=\toks23
LaTeX Info: Redefining \rightprotrusion on input line 1104.
LaTeX Info: Redefining \textls on input line 1449.
\MT@outer@kern=\dimen158
LaTeX Info: Redefining \microtypecontext on input line 2053.
LaTeX Info: Redefining \textmicrotypecontext on input line 2070.
\MT@listname@count=\count291
 (C:\Users\Joel\AppData\Local\Programs\MiKTeX\tex/latex/microtype\microtype-pdftex.def
File: microtype-pdftex.def 2026/03/01 v3.2d Definitions specific to pdftex (RS)
LaTeX Info: Redefining \lsstyle on input line 944.
LaTeX Info: Redefining \lslig on input line 944.
\MT@outer@space=\skip51
)
Package microtype Info: Loading configuration file microtype.cfg.
 (C:\Users\Joel\AppData\Local\Programs\MiKTeX\tex/latex/microtype\microtype.cfg
File: microtype.cfg 2026/03/01 v3.2d microtype main configuration file (RS)
)
LaTeX Info: Redefining \microtypesetup on input line 3065.
) (C:\Users\Joel\AppData\Local\Programs\MiKTeX\tex/latex/titlesec\titlesec.sty
Package: titlesec 2025/01/04 v2.17 Sectioning titles
\ttl@box=\box54
\beforetitleunit=\skip52
\aftertitleunit=\skip53
\ttl@plus=\dimen159
\ttl@minus=\dimen160
\ttl@toksa=\toks24
\titlewidth=\dimen161
\titlewidthlast=\dimen162
\titlewidthfirst=\dimen163
) (C:\Users\Joel\AppData\Local\Programs\MiKTeX\tex/latex/enumitem\enumitem.sty
Package: enumitem 2025/02/06 v3.11 Customized lists
\labelindent=\skip54
\enit@outerparindent=\dimen164
\enit@toks=\toks25
\enit@inbox=\box55
\enit@count@id=\count292
\enitdp@description=\count293
) (C:\Users\Joel\AppData\Local\Programs\MiKTeX\tex/latex/graphics\graphicx.sty
Package: graphicx 2024/12/31 v1.2e Enhanced LaTeX Graphics (DPC,SPQR)
 (C:\Users\Joel\AppData\Local\Programs\MiKTeX\tex/latex/graphics\graphics.sty
Package: graphics 2024/08/06 v1.4g Standard LaTeX Graphics (DPC,SPQR)
 (C:\Users\Joel\AppData\Local\Programs\MiKTeX\tex/latex/graphics\trig.sty
Package: trig 2023/12/02 v1.11 sin cos tan (DPC)
) (C:\Users\Joel\AppData\Local\Programs\MiKTeX\tex/latex/graphics-cfg\graphics.cfg
File: graphics.cfg 2016/06/04 v1.11 sample graphics configuration
)
Package graphics Info: Driver file: pdftex.def on input line 106.
 (C:\Users\Joel\AppData\Local\Programs\MiKTeX\tex/latex/graphics-def\pdftex.def
File: pdftex.def 2025/09/29 v1.2d Graphics/color driver for pdftex
))
\Gin@req@height=\dimen165
\Gin@req@width=\dimen166
) (C:\Users\Joel\AppData\Local\Programs\MiKTeX\tex/latex/amsmath\amsmath.sty
Package: amsmath 2025/07/09 v2.17z AMS math features
\@mathmargin=\skip55

For additional information on amsmath, use the `?' option.
(C:\Users\Joel\AppData\Local\Programs\MiKTeX\tex/latex/amsmath\amstext.sty
Package: amstext 2024/11/17 v2.01 AMS text
 (C:\Users\Joel\AppData\Local\Programs\MiKTeX\tex/latex/amsmath\amsgen.sty
File: amsgen.sty 1999/11/30 v2.0 generic functions
\@emptytoks=\toks26
\ex@=\dimen167
)) (C:\Users\Joel\AppData\Local\Programs\MiKTeX\tex/latex/amsmath\amsbsy.sty
Package: amsbsy 1999/11/29 v1.2d Bold Symbols
\pmbraise@=\dimen168
) (C:\Users\Joel\AppData\Local\Programs\MiKTeX\tex/latex/amsmath\amsopn.sty
Package: amsopn 2022/04/08 v2.04 operator names
)
\inf@bad=\count294
LaTeX Info: Redefining \frac on input line 233.
\uproot@=\count295
\leftroot@=\count296
LaTeX Info: Redefining \overline on input line 398.
LaTeX Info: Redefining \colon on input line 409.
\classnum@=\count297
\DOTSCASE@=\count298
LaTeX Info: Redefining \ldots on input line 495.
LaTeX Info: Redefining \dots on input line 498.
LaTeX Info: Redefining \cdots on input line 619.
\Mathstrutbox@=\box56
\strutbox@=\box57
LaTeX Info: Redefining \big on input line 721.
LaTeX Info: Redefining \Big on input line 722.
LaTeX Info: Redefining \bigg on input line 723.
LaTeX Info: Redefining \Bigg on input line 724.
\big@size=\dimen169
LaTeX Font Info:    Redeclaring font encoding OML on input line 742.
LaTeX Font Info:    Redeclaring font encoding OMS on input line 743.
\macc@depth=\count299
LaTeX Info: Redefining \bmod on input line 904.
LaTeX Info: Redefining \pmod on input line 909.
LaTeX Info: Redefining \smash on input line 939.
LaTeX Info: Redefining \relbar on input line 969.
LaTeX Info: Redefining \Relbar on input line 970.
\c@MaxMatrixCols=\count300
\dotsspace@=\muskip17
\c@parentequation=\count301
\dspbrk@lvl=\count302
\tag@help=\toks27
\row@=\count303
\column@=\count304
\maxfields@=\count305
\andhelp@=\toks28
\eqnshift@=\dimen170
\alignsep@=\dimen171
\tagshift@=\dimen172
\tagwidth@=\dimen173
\totwidth@=\dimen174
\lineht@=\dimen175
\@envbody=\toks29
\multlinegap=\skip56
\multlinetaggap=\skip57
\mathdisplay@stack=\toks30
LaTeX Info: Redefining \[ on input line 2950.
LaTeX Info: Redefining \] on input line 2951.
) (C:\Users\Joel\AppData\Local\Programs\MiKTeX\tex/latex/amsfonts\amsfonts.sty
Package: amsfonts 2013/01/14 v3.01 Basic AMSFonts support
\symAMSa=\mathgroup4
\symAMSb=\mathgroup5
LaTeX Font Info:    Redeclaring math symbol \hbar on input line 98.
LaTeX Font Info:    Overwriting math alphabet `\mathfrak' in version `bold'
(Font)                  U/euf/m/n --> U/euf/b/n on input line 106.
) (C:\Users\Joel\AppData\Local\Programs\MiKTeX\tex/latex/amsfonts\amssymb.sty
Package: amssymb 2013/01/14 v3.01 AMS font symbols
) (C:\Users\Joel\AppData\Local\Programs\MiKTeX\tex/latex/fancyhdr\fancyhdr.sty
Package: fancyhdr 2025/02/07 v5.2 Extensive control of page headers and footers
\f@nch@headwidth=\skip58
\f@nch@offset@elh=\skip59
\f@nch@offset@erh=\skip60
\f@nch@offset@olh=\skip61
\f@nch@offset@orh=\skip62
\f@nch@offset@elf=\skip63
\f@nch@offset@erf=\skip64
\f@nch@offset@olf=\skip65
\f@nch@offset@orf=\skip66
\f@nch@height=\skip67
\f@nch@footalignment=\skip68
\f@nch@widthL=\skip69
\f@nch@widthC=\skip70
\f@nch@widthR=\skip71
\@temptokenb=\toks31
) (C:\Users\Joel\AppData\Local\Programs\MiKTeX\tex/latex/booktabs\booktabs.sty
Package: booktabs 2020/01/12 v1.61803398 Publication quality tables
\heavyrulewidth=\dimen176
\lightrulewidth=\dimen177
\cmidrulewidth=\dimen178
\belowrulesep=\dimen179
\belowbottomsep=\dimen180
\aboverulesep=\dimen181
\abovetopsep=\dimen182
\cmidrulesep=\dimen183
\cmidrulekern=\dimen184
\defaultaddspace=\dimen185
\@cmidla=\count306
\@cmidlb=\count307
\@aboverulesep=\dimen186
\@belowrulesep=\dimen187
\@thisruleclass=\count308
\@lastruleclass=\count309
\@thisrulewidth=\dimen188
) (C:\Users\Joel\AppData\Local\Programs\MiKTeX\tex/latex/tools\tabularx.sty
Package: tabularx 2023/12/11 v2.12a `tabularx' package (DPC)
 (C:\Users\Joel\AppData\Local\Programs\MiKTeX\tex/latex/tools\array.sty
Package: array 2025/09/25 v2.6n Tabular extension package (FMi)
\col@sep=\dimen189
\ar@mcellbox=\box58
\extrarowheight=\dimen190
\NC@list=\toks32
\extratabsurround=\skip72
\backup@length=\skip73
\ar@cellbox=\box59
)
\TX@col@width=\dimen191
\TX@old@table=\dimen192
\TX@old@col=\dimen193
\TX@target=\dimen194
\TX@delta=\dimen195
\TX@cols=\count310
\TX@ftn=\toks33
) (C:\Users\Joel\AppData\Local\Programs\MiKTeX\tex/latex/tools\longtable.sty
Package: longtable 2025-10-13 v4.24 Multi-page Table package (DPC)
\LTleft=\skip74
\LTright=\skip75
\LTpre=\skip76
\LTpost=\skip77
\LTchunksize=\count311
\LTcapwidth=\dimen196
\LT@head=\box60
\LT@firsthead=\box61
\LT@foot=\box62
\LT@lastfoot=\box63
\LT@gbox=\box64
\LT@cols=\count312
\LT@rows=\count313
\c@LT@tables=\count314
\c@LT@chunks=\count315
\LT@p@ftn=\toks34
) (C:\Users\Joel\AppData\Local\Programs\MiKTeX\tex/latex/xcolor\xcolor.sty
Package: xcolor 2024/09/29 v3.02 LaTeX color extensions (UK)
 (C:\Users\Joel\AppData\Local\Programs\MiKTeX\tex/latex/graphics-cfg\color.cfg
File: color.cfg 2016/01/02 v1.6 sample color configuration
)
Package xcolor Info: Driver file: pdftex.def on input line 274.
 (C:\Users\Joel\AppData\Local\Programs\MiKTeX\tex/latex/graphics\mathcolor.ltx)
Package xcolor Info: Model `cmy' substituted by `cmy0' on input line 1349.
Package xcolor Info: Model `hsb' substituted by `rgb' on input line 1353.
Package xcolor Info: Model `RGB' extended on input line 1365.
Package xcolor Info: Model `HTML' substituted by `rgb' on input line 1367.
Package xcolor Info: Model `Hsb' substituted by `hsb' on input line 1368.
Package xcolor Info: Model `tHsb' substituted by `hsb' on input line 1369.
Package xcolor Info: Model `HSB' substituted by `hsb' on input line 1370.
Package xcolor Info: Model `Gray' substituted by `gray' on input line 1371.
Package xcolor Info: Model `wave' substituted by `hsb' on input line 1372.
) (C:\Users\Joel\AppData\Local\Programs\MiKTeX\tex/latex/listings\listings.sty
\lst@mode=\count316
\lst@gtempboxa=\box65
\lst@token=\toks35
\lst@length=\count317
\lst@currlwidth=\dimen197
\lst@column=\count318
\lst@pos=\count319
\lst@lostspace=\dimen198
\lst@width=\dimen199
\lst@newlines=\count320
\lst@lineno=\count321
\lst@maxwidth=\dimen256
 (C:\Users\Joel\AppData\Local\Programs\MiKTeX\tex/latex/listings\lstpatch.sty
File: lstpatch.sty 2025/11/14 1.11b (Carsten Heinz)
) (C:\Users\Joel\AppData\Local\Programs\MiKTeX\tex/latex/listings\lstmisc.sty
File: lstmisc.sty 2025/11/14 1.11b (Carsten Heinz)
\c@lstnumber=\count322
\lst@skipnumbers=\count323
\lst@framebox=\box66
) (C:\Users\Joel\AppData\Local\Programs\MiKTeX\tex/latex/listings\listings.cfg
File: listings.cfg 2025/11/14 1.11b listings configuration
))
Package: listings 2025/11/14 1.11b (Carsten Heinz)

==> First Aid for listings.sty no longer applied!
    Expected:
        2024/09/23 1.10c (Carsten Heinz)
    but found:
        2025/11/14 1.11b (Carsten Heinz)
    so I'm assuming it got fixed.
(C:\Users\Joel\AppData\Local\Programs\MiKTeX\tex/latex/caption\caption.sty
Package: caption 2023/08/05 v3.6o Customizing captions (AR)
 (C:\Users\Joel\AppData\Local\Programs\MiKTeX\tex/latex/caption\caption3.sty
Package: caption3 2023/07/31 v2.4d caption3 kernel (AR)
\caption@tempdima=\dimen257
\captionmargin=\dimen258
\caption@leftmargin=\dimen259
\caption@rightmargin=\dimen260
\caption@width=\dimen261
\caption@indent=\dimen262
\caption@parindent=\dimen263
\caption@hangindent=\dimen264
Package caption Info: Standard document class detected.
)
\c@caption@flags=\count324
\c@continuedfloat=\count325
Package caption Info: listings package is loaded.
Package caption Info: longtable package is loaded.
 (C:\Users\Joel\AppData\Local\Programs\MiKTeX\tex/latex/caption\ltcaption.sty
Package: ltcaption 2021/01/08 v1.4c longtable captions (AR)
)) (C:\Users\Joel\AppData\Local\Programs\MiKTeX\tex/latex/float\float.sty
Package: float 2001/11/08 v1.3d Float enhancements (AL)
\c@float@type=\count326
\float@exts=\toks36
\float@box=\box67
\@float@everytoks=\toks37
\@floatcapt=\box68
) (C:\Users\Joel\AppData\Local\Programs\MiKTeX\tex/latex/hyperref\hyperref.sty
Package: hyperref 2026-01-29 v7.01p Hypertext links for LaTeX
 (C:\Users\Joel\AppData\Local\Programs\MiKTeX\tex/latex/kvsetkeys\kvsetkeys.sty
Package: kvsetkeys 2022-10-05 v1.19 Key value parser (HO)
) (C:\Users\Joel\AppData\Local\Programs\MiKTeX\tex/generic/kvdefinekeys\kvdefinekeys.sty
Package: kvdefinekeys 2019-12-19 v1.6 Define keys (HO)
) (C:\Users\Joel\AppData\Local\Programs\MiKTeX\tex/generic/pdfescape\pdfescape.sty
Package: pdfescape 2019/12/09 v1.15 Implements pdfTeX's escape features (HO)
 (C:\Users\Joel\AppData\Local\Programs\MiKTeX\tex/generic/ltxcmds\ltxcmds.sty
Package: ltxcmds 2023-12-04 v1.26 LaTeX kernel commands for general use (HO)
) (C:\Users\Joel\AppData\Local\Programs\MiKTeX\tex/generic/pdftexcmds\pdftexcmds.sty
Package: pdftexcmds 2020-06-27 v0.33 Utility functions of pdfTeX for LuaTeX (HO)
 (C:\Users\Joel\AppData\Local\Programs\MiKTeX\tex/generic/infwarerr\infwarerr.sty
Package: infwarerr 2019/12/03 v1.5 Providing info/warning/error messages (HO)
)
Package pdftexcmds Info: \pdf@primitive is available.
Package pdftexcmds Info: \pdf@ifprimitive is available.
Package pdftexcmds Info: \pdfdraftmode found.
)) (C:\Users\Joel\AppData\Local\Programs\MiKTeX\tex/latex/hycolor\hycolor.sty
Package: hycolor 2020-01-27 v1.10 Color options for hyperref/bookmark (HO)
) (C:\Users\Joel\AppData\Local\Programs\MiKTeX\tex/latex/hyperref\nameref.sty
Package: nameref 2026-01-29 v2.58 Cross-referencing by name of section
 (C:\Users\Joel\AppData\Local\Programs\MiKTeX\tex/latex/refcount\refcount.sty
Package: refcount 2019/12/15 v3.6 Data extraction from label references (HO)
) (C:\Users\Joel\AppData\Local\Programs\MiKTeX\tex/generic/gettitlestring\gettitlestring.sty
Package: gettitlestring 2019/12/15 v1.6 Cleanup title references (HO)
 (C:\Users\Joel\AppData\Local\Programs\MiKTeX\tex/latex/kvoptions\kvoptions.sty
Package: kvoptions 2022-06-15 v3.15 Key value format for package options (HO)
))
\c@section@level=\count327
) (C:\Users\Joel\AppData\Local\Programs\MiKTeX\tex/generic/stringenc\stringenc.sty
Package: stringenc 2019/11/29 v1.12 Convert strings between diff. encodings (HO)
)
\@linkdim=\dimen265
\Hy@linkcounter=\count328
\Hy@pagecounter=\count329
 (C:\Users\Joel\AppData\Local\Programs\MiKTeX\tex/latex/hyperref\pd1enc.def
File: pd1enc.def 2026-01-29 v7.01p Hyperref: PDFDocEncoding definition (HO)
Now handling font encoding PD1 ...
... no UTF-8 mapping file for font encoding PD1
) (C:\Users\Joel\AppData\Local\Programs\MiKTeX\tex/generic/intcalc\intcalc.sty
Package: intcalc 2019/12/15 v1.3 Expandable calculations with integers (HO)
)
\Hy@SavedSpaceFactor=\count330
 (C:\Users\Joel\AppData\Local\Programs\MiKTeX\tex/latex/hyperref\puenc.def
File: puenc.def 2026-01-29 v7.01p Hyperref: PDF Unicode definition (HO)
Now handling font encoding PU ...
... no UTF-8 mapping file for font encoding PU
)
Package hyperref Info: Hyper figures OFF on input line 4201.
Package hyperref Info: Link nesting OFF on input line 4206.
Package hyperref Info: Hyper index ON on input line 4209.
Package hyperref Info: Plain pages OFF on input line 4216.
Package hyperref Info: Backreferencing OFF on input line 4221.
Package hyperref Info: Implicit mode ON; LaTeX internals redefined.
Package hyperref Info: Bookmarks ON on input line 4468.
\c@Hy@tempcnt=\count331
 (C:\Users\Joel\AppData\Local\Programs\MiKTeX\tex/latex/url\url.sty
\Urlmuskip=\muskip18
Package: url 2013/09/16  ver 3.4  Verb mode for urls, etc.
)
LaTeX Info: Redefining \url on input line 4807.
\XeTeXLinkMargin=\dimen266
 (C:\Users\Joel\AppData\Local\Programs\MiKTeX\tex/generic/bitset\bitset.sty
Package: bitset 2019/12/09 v1.3 Handle bit-vector datatype (HO)
 (C:\Users\Joel\AppData\Local\Programs\MiKTeX\tex/generic/bigintcalc\bigintcalc.sty
Package: bigintcalc 2019/12/15 v1.5 Expandable calculations on big integers (HO)
))
\Fld@menulength=\count332
\Field@Width=\dimen267
\Fld@charsize=\dimen268
Package hyperref Info: Hyper figures OFF on input line 6084.
Package hyperref Info: Link nesting OFF on input line 6089.
Package hyperref Info: Hyper index ON on input line 6092.
Package hyperref Info: backreferencing OFF on input line 6099.
Package hyperref Info: Link coloring OFF on input line 6104.
Package hyperref Info: Link coloring with OCG OFF on input line 6109.
Package hyperref Info: PDF/A mode OFF on input line 6114.
\Hy@abspage=\count333
\c@Item=\count334
\c@Hfootnote=\count335
)
Package hyperref Info: Driver (autodetected): hpdftex.
 (C:\Users\Joel\AppData\Local\Programs\MiKTeX\tex/latex/hyperref\hpdftex.def
File: hpdftex.def 2026-01-29 v7.01p Hyperref driver for pdfTeX
\Fld@listcount=\count336
\c@bookmark@seq@number=\count337
 (C:\Users\Joel\AppData\Local\Programs\MiKTeX\tex/latex/rerunfilecheck\rerunfilecheck.sty
Package: rerunfilecheck 2025-06-21 v1.11 Rerun checks for auxiliary files (HO)
 (C:\Users\Joel\AppData\Local\Programs\MiKTeX\tex/generic/uniquecounter\uniquecounter.sty
Package: uniquecounter 2019/12/15 v1.4 Provide unlimited unique counter (HO)
)
Package uniquecounter Info: New unique counter `rerunfilecheck' on input line 284.
)
\Hy@SectionHShift=\skip78
) (C:\Users\Joel\AppData\Local\Programs\MiKTeX\tex/latex/multirow\multirow.sty
Package: multirow 2024/11/12 v2.9 Span multiple rows of a table
\multirow@colwidth=\skip79
\multirow@cntb=\count338
\multirow@dima=\skip80
\bigstrutjot=\dimen269
) (C:\Users\Joel\AppData\Local\Programs\MiKTeX\tex/latex/listings\lstlang1.sty
File: lstlang1.sty 2025/11/14 1.11b listings language file
) (C:\Users\Joel\AppData\Local\Programs\MiKTeX\tex/latex/l3backend\l3backend-pdftex.def
File: l3backend-pdftex.def 2025-10-09 L3 backend support: PDF output (pdfTeX)
\l__color_backend_stack_int=\count339
) (informe_proyecto_ia.aux
LaTeX Info: Redefining \. on input line 10.
LaTeX Info: Redefining \% on input line 10.
Package babel Info: 'spanish' activates 'spanish' shorthands.
(babel)             Reported on input line 10.
)
\openout1 = `informe_proyecto_ia.aux'.

LaTeX Font Info:    Checking defaults for OML/cmm/m/it on input line 65.
LaTeX Font Info:    ... okay on input line 65.
LaTeX Font Info:    Checking defaults for OMS/cmsy/m/n on input line 65.
LaTeX Font Info:    ... okay on input line 65.
LaTeX Font Info:    Checking defaults for OT1/cmr/m/n on input line 65.
LaTeX Font Info:    ... okay on input line 65.
LaTeX Font Info:    Checking defaults for T1/cmr/m/n on input line 65.
LaTeX Font Info:    ... okay on input line 65.
LaTeX Font Info:    Checking defaults for TS1/cmr/m/n on input line 65.
LaTeX Font Info:    ... okay on input line 65.
LaTeX Font Info:    Checking defaults for OMX/cmex/m/n on input line 65.
LaTeX Font Info:    ... okay on input line 65.
LaTeX Font Info:    Checking defaults for U/cmr/m/n on input line 65.
LaTeX Font Info:    ... okay on input line 65.
LaTeX Font Info:    Checking defaults for PD1/pdf/m/n on input line 65.
LaTeX Font Info:    ... okay on input line 65.
LaTeX Font Info:    Checking defaults for PU/pdf/m/n on input line 65.
LaTeX Font Info:    ... okay on input line 65.

*geometry* driver: auto-detecting
*geometry* detected driver: pdftex
*geometry* verbose mode - [ preamble ] result:
* driver: pdftex
* paper: <default>
* layout: <same size as paper>
* layoutoffset:(h,v)=(0.0pt,0.0pt)
* modes: 
* h-part:(L,W,R)=(71.13188pt, 486.25761pt, 56.9055pt)
* v-part:(T,H,B)=(42.67912pt, 666.9326pt, 85.35826pt)
* \paperwidth=614.295pt
* \paperheight=794.96999pt
* \textwidth=486.25761pt
* \textheight=666.9326pt
* \oddsidemargin=-1.1381pt
* \evensidemargin=-1.1381pt
* \topmargin=-66.59087pt
* \headheight=35.0pt
* \headsep=35.0pt
* \topskip=11.0pt
* \footskip=14.0pt
* \marginparwidth=59.0pt
* \marginparsep=10.0pt
* \columnsep=10.0pt
* \skip\footins=10.0pt plus 4.0pt minus 2.0pt
* \hoffset=0.0pt
* \voffset=0.0pt
* \mag=1000
* \@twocolumnfalse
* \@twosidefalse
* \@mparswitchfalse
* \@reversemarginfalse
* (1in=72.27pt=25.4mm, 1cm=28.453pt)

LaTeX Info: Redefining \. on input line 65.
LaTeX Info: Redefining \% on input line 65.
LaTeX Info: Redefining \microtypecontext on input line 65.
Package microtype Info: Applying patch `item' on input line 65.
Package microtype Info: Applying patch `toc' on input line 65.
Package microtype Info: Applying patch `eqnum' on input line 65.
Package microtype Info: Applying patch `footnote' on input line 65.
Package microtype Info: Applying patch `verbatim' on input line 65.
LaTeX Info: Redefining \microtypesetup on input line 65.
Package microtype Info: Generating PDF output.
Package microtype Info: Character protrusion enabled (level 2).
Package microtype Info: Using default protrusion set `alltext'.
Package microtype Info: No font expansion.
Package microtype Info: No adjustment of tracking.
Package microtype Info: No adjustment of interword spacing.
Package microtype Info: No adjustment of character kerning.
(C:\Users\Joel\AppData\Local\Programs\MiKTeX\tex/latex/microtype\mt-cmr.cfg
File: mt-cmr.cfg 2013/05/19 v2.2 microtype config. file: Computer Modern Roman (RS)
) (C:\Users\Joel\AppData\Local\Programs\MiKTeX\tex/context/base/mkii\supp-pdf.mkii
[Loading MPS to PDF converter (version 2006.09.02).]
\scratchcounter=\count340
\scratchdimen=\dimen270
\scratchbox=\box69
\nofMPsegments=\count341
\nofMParguments=\count342
\everyMPshowfont=\toks38
\MPscratchCnt=\count343
\MPscratchDim=\dimen271
\MPnumerator=\count344
\makeMPintoPDFobject=\count345
\everyMPtoPDFconversion=\toks39
) (C:\Users\Joel\AppData\Local\Programs\MiKTeX\tex/latex/epstopdf-pkg\epstopdf-base.sty
Package: epstopdf-base 2020-01-24 v2.11 Base part for package epstopdf
Package epstopdf-base Info: Redefining graphics rule for `.eps' on input line 485.
 (C:\Users\Joel\AppData\Local\Programs\MiKTeX\tex/latex/00miktex\epstopdf-sys.cfg
File: epstopdf-sys.cfg 2021/03/18 v2.0 Configuration of epstopdf for MiKTeX
))
\c@lstlisting=\count346
Package caption Info: Begin \AtBeginDocument code.
Package caption Info: float package is loaded.
Package caption Info: hyperref package is loaded.
Package caption Info: End \AtBeginDocument code.
Package hyperref Info: Link coloring OFF on input line 65.
 (informe_proyecto_ia.out) (informe_proyecto_ia.out)
\@outlinefile=\write3
\openout3 = `informe_proyecto_ia.out'.

LaTeX Font Info:    Trying to load font information for U+msa on input line 70.
 (C:\Users\Joel\AppData\Local\Programs\MiKTeX\tex/latex/amsfonts\umsa.fd
File: umsa.fd 2013/01/14 v3.01 AMS symbols A
) (C:\Users\Joel\AppData\Local\Programs\MiKTeX\tex/latex/microtype\mt-msa.cfg
File: mt-msa.cfg 2006/02/04 v1.1 microtype config. file: AMS symbols (a) (RS)
)
LaTeX Font Info:    Trying to load font information for U+msb on input line 70.
 (C:\Users\Joel\AppData\Local\Programs\MiKTeX\tex/latex/amsfonts\umsb.fd
File: umsb.fd 2013/01/14 v3.01 AMS symbols B
) (C:\Users\Joel\AppData\Local\Programs\MiKTeX\tex/latex/microtype\mt-msb.cfg
File: mt-msb.cfg 2005/06/01 v1.0 microtype config. file: AMS symbols (b) (RS)
)

pdfTeX warning: pdflatex (file ./picture/logoSW2026.pdf): PDF inclusion: found PDF version <1.7>, but at most version <1.5> allowed
<picture/logoSW2026.pdf, id=215, 2465.21pt x 293.095pt>
File: picture/logoSW2026.pdf Graphic file (type pdf)
<use picture/logoSW2026.pdf>
Package pdftex.def Info: picture/logoSW2026.pdf  used on input line 117.
(pdftex.def)             Requested size: 512.1496pt x 60.88986pt.

Overfull \hbox (25.89198pt too wide) has occurred while \output is active
[][]|  
 []


Package fancyhdr Warning: \headheight is too small (35.0pt): 
(fancyhdr)                Make it at least 64.9699pt, for example:
(fancyhdr)                \setlength{\headheight}{64.9699pt}.
(fancyhdr)                You might also make \topmargin smaller:
(fancyhdr)                \addtolength{\topmargin}{-29.9699pt}.

[1

{C:/Users/Joel/AppData/Local/MiKTeX/fonts/map/pdftex/pdftex.map} <./picture/logoSW2026.pdf>]
Package microtype Info: Loading generic protrusion settings for font family
(microtype)             `cmtt' (encoding: T1).
(microtype)             For optimal results, create family-specific settings.
(microtype)             See the microtype manual for details.
File: picture/logoSW2026.pdf Graphic file (type pdf)
<use picture/logoSW2026.pdf>
Package pdftex.def Info: picture/logoSW2026.pdf  used on input line 177.
(pdftex.def)             Requested size: 512.1496pt x 60.88986pt.

Overfull \hbox (25.89198pt too wide) has occurred while \output is active
[][]|  
 []


Package fancyhdr Warning: \headheight is too small (35.0pt): 
(fancyhdr)                Make it at least 64.9699pt, for example:
(fancyhdr)                \setlength{\headheight}{64.9699pt}.
(fancyhdr)                You might also make \topmargin smaller:
(fancyhdr)                \addtolength{\topmargin}{-29.9699pt}.

[2]
File: picture/logoSW2026.pdf Graphic file (type pdf)
<use picture/logoSW2026.pdf>
Package pdftex.def Info: picture/logoSW2026.pdf  used on input line 221.
(pdftex.def)             Requested size: 512.1496pt x 60.88986pt.

Overfull \hbox (25.89198pt too wide) has occurred while \output is active
[][]|  
 []


Package fancyhdr Warning: \headheight is too small (35.0pt): 
(fancyhdr)                Make it at least 64.9699pt, for example:
(fancyhdr)                \setlength{\headheight}{64.9699pt}.
(fancyhdr)                You might also make \topmargin smaller:
(fancyhdr)                \addtolength{\topmargin}{-29.9699pt}.

[3]
<picture/investigacion.jpg, id=256, 375.4025pt x 824.07875pt>
File: picture/investigacion.jpg Graphic file (type jpg)
<use picture/investigacion.jpg>
Package pdftex.def Info: picture/investigacion.jpg  used on input line 239.
(pdftex.def)             Requested size: 56.30794pt x 123.60648pt.
File: picture/logoSW2026.pdf Graphic file (type pdf)
<use picture/logoSW2026.pdf>
Package pdftex.def Info: picture/logoSW2026.pdf  used on input line 248.
(pdftex.def)             Requested size: 512.1496pt x 60.88986pt.

Overfull \hbox (25.89198pt too wide) has occurred while \output is active
[][]|  
 []


Package fancyhdr Warning: \headheight is too small (35.0pt): 
(fancyhdr)                Make it at least 64.9699pt, for example:
(fancyhdr)                \setlength{\headheight}{64.9699pt}.
(fancyhdr)                You might also make \topmargin smaller:
(fancyhdr)                \addtolength{\topmargin}{-29.9699pt}.

[4 <./picture/investigacion.jpg>]
Overfull \hbox (10.07259pt too wide) in paragraph at lines 249--250
[]\T1/cmr/bx/n/10.95 An Ex-plai-na-ble Fuzzy Fra-me-work for As-ses-sing Pre-eclam-psia Clas-si-fi-ca-tion (SK-MOEFS)
 []

File: picture/logoSW2026.pdf Graphic file (type pdf)
<use picture/logoSW2026.pdf>
Package pdftex.def Info: picture/logoSW2026.pdf  used on input line 275.
(pdftex.def)             Requested size: 512.1496pt x 60.88986pt.

Overfull \hbox (25.89198pt too wide) has occurred while \output is active
[][]|  
 []


Package fancyhdr Warning: \headheight is too small (35.0pt): 
(fancyhdr)                Make it at least 64.9699pt, for example:
(fancyhdr)                \setlength{\headheight}{64.9699pt}.
(fancyhdr)                You might also make \topmargin smaller:
(fancyhdr)                \addtolength{\topmargin}{-29.9699pt}.

[5]
Overfull \hbox (11.40912pt too wide) in paragraph at lines 276--277
[]\T1/cmr/m/n/10.95 El sis-te-ma uti-li-za ex-clu-si-va-men-te \T1/cmr/bx/n/10.95 fun-cio-nes tra-pe-zoi-da-les\T1/cmr/m/n/10.95 , de-fi-ni-das por cua-tro pa-rá-me-tros $\OT1/cmr/m/n/10.95 [\OML/cmm/m/it/10.95 a; b; c; d\OT1/cmr/m/n/10.95 ]$\T1/cmr/m/n/10.95 : 
 []


Underfull \hbox (badness 1603) in paragraph at lines 330--330
[]|\T1/cmr/m/n/10.95 Riesgo ado-les-cen-te $\OML/cmm/m/it/10.95 <$\T1/cmr/m/n/10.95 20 a;
 []


Underfull \hbox (badness 10000) in paragraph at lines 330--330
[]|\T1/cmr/m/n/10.95 HTA ges-ta-cio-nal: $\OMS/cmsy/m/n/10.95 ^^U$\T1/cmr/m/n/10.95 140
 []


Underfull \hbox (badness 10000) in paragraph at lines 330--330
[]|\T1/cmr/m/n/10.95 HTA ges-ta-cio-nal: $\OMS/cmsy/m/n/10.95 ^^U$\T1/cmr/m/n/10.95 90
 []


Underfull \hbox (badness 2401) in paragraph at lines 330--330
[]|\T1/cmr/m/n/10.95 DMG: $\OMS/cmsy/m/n/10.95 ^^U$\T1/cmr/m/n/10.95 8.5 mmol/L pos-
 []

File: picture/logoSW2026.pdf Graphic file (type pdf)
<use picture/logoSW2026.pdf>
Package pdftex.def Info: picture/logoSW2026.pdf  used on input line 333.
(pdftex.def)             Requested size: 512.1496pt x 60.88986pt.

Overfull \hbox (25.89198pt too wide) has occurred while \output is active
[][]|  
 []


Package fancyhdr Warning: \headheight is too small (35.0pt): 
(fancyhdr)                Make it at least 64.9699pt, for example:
(fancyhdr)                \setlength{\headheight}{64.9699pt}.
(fancyhdr)                You might also make \topmargin smaller:
(fancyhdr)                \addtolength{\topmargin}{-29.9699pt}.

[6]
File: picture/logoSW2026.pdf Graphic file (type pdf)
<use picture/logoSW2026.pdf>
Package pdftex.def Info: picture/logoSW2026.pdf  used on input line 371.
(pdftex.def)             Requested size: 512.1496pt x 60.88986pt.

Overfull \hbox (25.89198pt too wide) has occurred while \output is active
[][]|  
 []


Package fancyhdr Warning: \headheight is too small (35.0pt): 
(fancyhdr)                Make it at least 64.9699pt, for example:
(fancyhdr)                \setlength{\headheight}{64.9699pt}.
(fancyhdr)                You might also make \topmargin smaller:
(fancyhdr)                \addtolength{\topmargin}{-29.9699pt}.

[7]
File: picture/logoSW2026.pdf Graphic file (type pdf)
<use picture/logoSW2026.pdf>
Package pdftex.def Info: picture/logoSW2026.pdf  used on input line 411.
(pdftex.def)             Requested size: 512.1496pt x 60.88986pt.

Overfull \hbox (25.89198pt too wide) has occurred while \output is active
[][]|  
 []


Package fancyhdr Warning: \headheight is too small (35.0pt): 
(fancyhdr)                Make it at least 64.9699pt, for example:
(fancyhdr)                \setlength{\headheight}{64.9699pt}.
(fancyhdr)                You might also make \topmargin smaller:
(fancyhdr)                \addtolength{\topmargin}{-29.9699pt}.

[8]
File: picture/logoSW2026.pdf Graphic file (type pdf)
<use picture/logoSW2026.pdf>
Package pdftex.def Info: picture/logoSW2026.pdf  used on input line 457.
(pdftex.def)             Requested size: 512.1496pt x 60.88986pt.

Overfull \hbox (25.89198pt too wide) has occurred while \output is active
[][]|  
 []


Package fancyhdr Warning: \headheight is too small (35.0pt): 
(fancyhdr)                Make it at least 64.9699pt, for example:
(fancyhdr)                \setlength{\headheight}{64.9699pt}.
(fancyhdr)                You might also make \topmargin smaller:
(fancyhdr)                \addtolength{\topmargin}{-29.9699pt}.

[9]
File: picture/logoSW2026.pdf Graphic file (type pdf)
<use picture/logoSW2026.pdf>
Package pdftex.def Info: picture/logoSW2026.pdf  used on input line 492.
(pdftex.def)             Requested size: 512.1496pt x 60.88986pt.

Overfull \hbox (25.89198pt too wide) has occurred while \output is active
[][]|  
 []


Package fancyhdr Warning: \headheight is too small (35.0pt): 
(fancyhdr)                Make it at least 64.9699pt, for example:
(fancyhdr)                \setlength{\headheight}{64.9699pt}.
(fancyhdr)                You might also make \topmargin smaller:
(fancyhdr)                \addtolength{\topmargin}{-29.9699pt}.

[10]
Underfull \hbox (badness 10000) in paragraph at lines 522--522
[]|\T1/cmr/m/n/10.95 AS=normal AND
 []


Underfull \hbox (badness 10000) in paragraph at lines 522--522
\T1/cmr/m/n/10.95 PS=normal AND
 []


Underfull \hbox (badness 10000) in paragraph at lines 523--523
[]|\T1/cmr/m/n/10.95 AS=normal AND
 []


Underfull \hbox (badness 10000) in paragraph at lines 523--523
\T1/cmr/m/n/10.95 PD=normal AND
 []


Underfull \hbox (badness 10000) in paragraph at lines 524--524
[]|\T1/cmr/m/n/10.95 AS=elevada AND
 []


Underfull \hbox (badness 10000) in paragraph at lines 525--525
[]|\T1/cmr/m/n/10.95 PS=elevada AND
 []


Underfull \hbox (badness 10000) in paragraph at lines 526--526
[]|\T1/cmr/m/n/10.95 PD=elevada AND
 []


Underfull \hbox (badness 10000) in paragraph at lines 527--527
[]|\T1/cmr/m/n/10.95 Edad=avanzada AND
 []


Underfull \hbox (badness 10000) in paragraph at lines 527--527
\T1/cmr/m/n/10.95 AS=normal AND
 []


Underfull \hbox (badness 1259) in paragraph at lines 528--528
[]|\T1/cmr/m/n/10.95 Temperatura sub-fe-bril: po-si-
 []


Underfull \hbox (badness 10000) in paragraph at lines 530--530
[]|\T1/cmr/m/n/10.95 AS=elevada AND
 []


Underfull \hbox (badness 10000) in paragraph at lines 531--531
[]|\T1/cmr/m/n/10.95 AS=elevada AND
 []


Underfull \hbox (badness 10000) in paragraph at lines 532--532
[]|\T1/cmr/m/n/10.95 AS=elevada AND
 []


Underfull \hbox (badness 3746) in paragraph at lines 534--534
[]|\T1/cmr/m/n/10.95 Presión sis-tó-li-ca muy al-ta:
 []


Underfull \hbox (badness 10000) in paragraph at lines 535--535
[]|\T1/cmr/m/n/10.95 Fiebre: ries-go de in-fec-
 []


Underfull \hbox (badness 10000) in paragraph at lines 536--536
[]|\T1/cmr/m/n/10.95 Edad=avanzada AND
 []


Underfull \hbox (badness 1242) in paragraph at lines 536--536
[]|\T1/cmr/m/n/10.95 Edad avan-za-da con pre-sión
 []


ignored: Infinite glue shrinkage found in box being split
File: picture/logoSW2026.pdf Graphic file (type pdf)
<use picture/logoSW2026.pdf>
Package pdftex.def Info: picture/logoSW2026.pdf  used on input line 537.
(pdftex.def)             Requested size: 512.1496pt x 60.88986pt.

Overfull \hbox (25.89198pt too wide) has occurred while \output is active
[][]|  
 []


Package fancyhdr Warning: \headheight is too small (35.0pt): 
(fancyhdr)                Make it at least 64.9699pt, for example:
(fancyhdr)                \setlength{\headheight}{64.9699pt}.
(fancyhdr)                You might also make \topmargin smaller:
(fancyhdr)                \addtolength{\topmargin}{-29.9699pt}.

[11]
File: picture/logoSW2026.pdf Graphic file (type pdf)
<use picture/logoSW2026.pdf>
Package pdftex.def Info: picture/logoSW2026.pdf  used on input line 558.
(pdftex.def)             Requested size: 512.1496pt x 60.88986pt.

Overfull \hbox (25.89198pt too wide) has occurred while \output is active
[][]|  
 []


Package fancyhdr Warning: \headheight is too small (35.0pt): 
(fancyhdr)                Make it at least 64.9699pt, for example:
(fancyhdr)                \setlength{\headheight}{64.9699pt}.
(fancyhdr)                You might also make \topmargin smaller:
(fancyhdr)                \addtolength{\topmargin}{-29.9699pt}.

[12]
File: picture/logoSW2026.pdf Graphic file (type pdf)
<use picture/logoSW2026.pdf>
Package pdftex.def Info: picture/logoSW2026.pdf  used on input line 602.
(pdftex.def)             Requested size: 512.1496pt x 60.88986pt.

Overfull \hbox (25.89198pt too wide) has occurred while \output is active
[][]|  
 []


Package fancyhdr Warning: \headheight is too small (35.0pt): 
(fancyhdr)                Make it at least 64.9699pt, for example:
(fancyhdr)                \setlength{\headheight}{64.9699pt}.
(fancyhdr)                You might also make \topmargin smaller:
(fancyhdr)                \addtolength{\topmargin}{-29.9699pt}.

[13]
Package hyperref Info: bookmark level for unknown lstlisting defaults to 0 on input line 607.
File: picture/logoSW2026.pdf Graphic file (type pdf)
<use picture/logoSW2026.pdf>
Package pdftex.def Info: picture/logoSW2026.pdf  used on input line 636.
(pdftex.def)             Requested size: 512.1496pt x 60.88986pt.

Overfull \hbox (25.89198pt too wide) has occurred while \output is active
[][]|  
 []


Package fancyhdr Warning: \headheight is too small (35.0pt): 
(fancyhdr)                Make it at least 64.9699pt, for example:
(fancyhdr)                \setlength{\headheight}{64.9699pt}.
(fancyhdr)                You might also make \topmargin smaller:
(fancyhdr)                \addtolength{\topmargin}{-29.9699pt}.

[14]
File: picture/logoSW2026.pdf Graphic file (type pdf)
<use picture/logoSW2026.pdf>
Package pdftex.def Info: picture/logoSW2026.pdf  used on input line 706.
(pdftex.def)             Requested size: 512.1496pt x 60.88986pt.

Overfull \hbox (25.89198pt too wide) has occurred while \output is active
[][]|  
 []


Package fancyhdr Warning: \headheight is too small (35.0pt): 
(fancyhdr)                Make it at least 64.9699pt, for example:
(fancyhdr)                \setlength{\headheight}{64.9699pt}.
(fancyhdr)                You might also make \topmargin smaller:
(fancyhdr)                \addtolength{\topmargin}{-29.9699pt}.

[15]
File: picture/logoSW2026.pdf Graphic file (type pdf)
<use picture/logoSW2026.pdf>
Package pdftex.def Info: picture/logoSW2026.pdf  used on input line 734.
(pdftex.def)             Requested size: 512.1496pt x 60.88986pt.

Overfull \hbox (25.89198pt too wide) has occurred while \output is active
[][]|  
 []


Package fancyhdr Warning: \headheight is too small (35.0pt): 
(fancyhdr)                Make it at least 64.9699pt, for example:
(fancyhdr)                \setlength{\headheight}{64.9699pt}.
(fancyhdr)                You might also make \topmargin smaller:
(fancyhdr)                \addtolength{\topmargin}{-29.9699pt}.

[16]
File: picture/logoSW2026.pdf Graphic file (type pdf)
<use picture/logoSW2026.pdf>
Package pdftex.def Info: picture/logoSW2026.pdf  used on input line 774.
(pdftex.def)             Requested size: 512.1496pt x 60.88986pt.

Overfull \hbox (25.89198pt too wide) has occurred while \output is active
[][]|  
 []


Package fancyhdr Warning: \headheight is too small (35.0pt): 
(fancyhdr)                Make it at least 64.9699pt, for example:
(fancyhdr)                \setlength{\headheight}{64.9699pt}.
(fancyhdr)                You might also make \topmargin smaller:
(fancyhdr)                \addtolength{\topmargin}{-29.9699pt}.

[17]
File: picture/logoSW2026.pdf Graphic file (type pdf)
<use picture/logoSW2026.pdf>
Package pdftex.def Info: picture/logoSW2026.pdf  used on input line 813.
(pdftex.def)             Requested size: 512.1496pt x 60.88986pt.

Overfull \hbox (25.89198pt too wide) has occurred while \output is active
[][]|  
 []


Package fancyhdr Warning: \headheight is too small (35.0pt): 
(fancyhdr)                Make it at least 64.9699pt, for example:
(fancyhdr)                \setlength{\headheight}{64.9699pt}.
(fancyhdr)                You might also make \topmargin smaller:
(fancyhdr)                \addtolength{\topmargin}{-29.9699pt}.

[18]
File: picture/logoSW2026.pdf Graphic file (type pdf)
<use picture/logoSW2026.pdf>
Package pdftex.def Info: picture/logoSW2026.pdf  used on input line 845.
(pdftex.def)             Requested size: 512.1496pt x 60.88986pt.

Overfull \hbox (25.89198pt too wide) has occurred while \output is active
[][]|  
 []


Package fancyhdr Warning: \headheight is too small (35.0pt): 
(fancyhdr)                Make it at least 64.9699pt, for example:
(fancyhdr)                \setlength{\headheight}{64.9699pt}.
(fancyhdr)                You might also make \topmargin smaller:
(fancyhdr)                \addtolength{\topmargin}{-29.9699pt}.

[19]
Underfull \hbox (badness 4168) in paragraph at lines 881--881
[]|\T1/cmr/m/n/10.95 Paciencia (early stop-
 []


Underfull \hbox (badness 1117) in paragraph at lines 883--883
[]|\T1/cmr/m/n/10.95 Probabilidad de mu-ta-
 []

File: picture/logoSW2026.pdf Graphic file (type pdf)
<use picture/logoSW2026.pdf>
Package pdftex.def Info: picture/logoSW2026.pdf  used on input line 907.
(pdftex.def)             Requested size: 512.1496pt x 60.88986pt.

Overfull \hbox (25.89198pt too wide) has occurred while \output is active
[][]|  
 []


Package fancyhdr Warning: \headheight is too small (35.0pt): 
(fancyhdr)                Make it at least 64.9699pt, for example:
(fancyhdr)                \setlength{\headheight}{64.9699pt}.
(fancyhdr)                You might also make \topmargin smaller:
(fancyhdr)                \addtolength{\topmargin}{-29.9699pt}.

[20]
<picture/flujo_sistema.png, id=544, 187.45032pt x 638.385pt>
File: picture/flujo_sistema.png Graphic file (type png)
<use picture/flujo_sistema.png>
Package pdftex.def Info: picture/flujo_sistema.png  used on input line 915.
(pdftex.def)             Requested size: 78.33101pt x 266.76587pt.
File: picture/logoSW2026.pdf Graphic file (type pdf)
<use picture/logoSW2026.pdf>
Package pdftex.def Info: picture/logoSW2026.pdf  used on input line 941.
(pdftex.def)             Requested size: 512.1496pt x 60.88986pt.

Overfull \hbox (25.89198pt too wide) has occurred while \output is active
[][]|  
 []


Package fancyhdr Warning: \headheight is too small (35.0pt): 
(fancyhdr)                Make it at least 64.9699pt, for example:
(fancyhdr)                \setlength{\headheight}{64.9699pt}.
(fancyhdr)                You might also make \topmargin smaller:
(fancyhdr)                \addtolength{\topmargin}{-29.9699pt}.

[21 <./picture/flujo_sistema.png>]
<picture/interfaz_web_del_sistema.png, id=552, 709.90219pt x 660.96938pt>
File: picture/interfaz_web_del_sistema.png Graphic file (type png)
<use picture/interfaz_web_del_sistema.png>
Package pdftex.def Info: picture/interfaz_web_del_sistema.png  used on input line 957.
(pdftex.def)             Requested size: 364.6932pt x 339.56088pt.
File: picture/logoSW2026.pdf Graphic file (type pdf)
<use picture/logoSW2026.pdf>
Package pdftex.def Info: picture/logoSW2026.pdf  used on input line 962.
(pdftex.def)             Requested size: 512.1496pt x 60.88986pt.

Overfull \hbox (25.89198pt too wide) has occurred while \output is active
[][]|  
 []


Package fancyhdr Warning: \headheight is too small (35.0pt): 
(fancyhdr)                Make it at least 64.9699pt, for example:
(fancyhdr)                \setlength{\headheight}{64.9699pt}.
(fancyhdr)                You might also make \topmargin smaller:
(fancyhdr)                \addtolength{\topmargin}{-29.9699pt}.

[22]
File: picture/logoSW2026.pdf Graphic file (type pdf)
<use picture/logoSW2026.pdf>
Package pdftex.def Info: picture/logoSW2026.pdf  used on input line 1000.
(pdftex.def)             Requested size: 512.1496pt x 60.88986pt.

Overfull \hbox (25.89198pt too wide) has occurred while \output is active
[][]|  
 []


Package fancyhdr Warning: \headheight is too small (35.0pt): 
(fancyhdr)                Make it at least 64.9699pt, for example:
(fancyhdr)                \setlength{\headheight}{64.9699pt}.
(fancyhdr)                You might also make \topmargin smaller:
(fancyhdr)                \addtolength{\topmargin}{-29.9699pt}.

[23 <./picture/interfaz_web_del_sistema.png>]
File: picture/logoSW2026.pdf Graphic file (type pdf)
<use picture/logoSW2026.pdf>
Package pdftex.def Info: picture/logoSW2026.pdf  used on input line 1026.
(pdftex.def)             Requested size: 512.1496pt x 60.88986pt.

Overfull \hbox (25.89198pt too wide) has occurred while \output is active
[][]|  
 []


Package fancyhdr Warning: \headheight is too small (35.0pt): 
(fancyhdr)                Make it at least 64.9699pt, for example:
(fancyhdr)                \setlength{\headheight}{64.9699pt}.
(fancyhdr)                You might also make \topmargin smaller:
(fancyhdr)                \addtolength{\topmargin}{-29.9699pt}.

[24]
File: picture/logoSW2026.pdf Graphic file (type pdf)
<use picture/logoSW2026.pdf>
Package pdftex.def Info: picture/logoSW2026.pdf  used on input line 1059.
(pdftex.def)             Requested size: 512.1496pt x 60.88986pt.

Overfull \hbox (25.89198pt too wide) has occurred while \output is active
[][]|  
 []


Package fancyhdr Warning: \headheight is too small (35.0pt): 
(fancyhdr)                Make it at least 64.9699pt, for example:
(fancyhdr)                \setlength{\headheight}{64.9699pt}.
(fancyhdr)                You might also make \topmargin smaller:
(fancyhdr)                \addtolength{\topmargin}{-29.9699pt}.

[25]
File: picture/logoSW2026.pdf Graphic file (type pdf)
<use picture/logoSW2026.pdf>
Package pdftex.def Info: picture/logoSW2026.pdf  used on input line 1106.
(pdftex.def)             Requested size: 512.1496pt x 60.88986pt.

Overfull \hbox (25.89198pt too wide) has occurred while \output is active
[][]|  
 []


Package fancyhdr Warning: \headheight is too small (35.0pt): 
(fancyhdr)                Make it at least 64.9699pt, for example:
(fancyhdr)                \setlength{\headheight}{64.9699pt}.
(fancyhdr)                You might also make \topmargin smaller:
(fancyhdr)                \addtolength{\topmargin}{-29.9699pt}.

[26]
Overfull \hbox (13.41273pt too wide) in paragraph at lines 1125--1126
[]\T1/cmr/m/n/10.95 P. K. Whel-ton et al., ``2017 ACC/AHA/AAPA/ABC/ACPM/AGS/APhA/ASH/ASPC/NMA/PCNA
 []


Underfull \hbox (badness 3291) in paragraph at lines 1125--1126
\T1/cmr/m/n/10.95 Gui-de-li-ne for the Pre-ven-tion, De-tec-tion, Eva-lua-tion, and Ma-na-ge-ment of High Blood
 []


Underfull \hbox (badness 1314) in paragraph at lines 1125--1126
\T1/cmr/m/n/10.95 Pres-su-re in Adults,'' \T1/cmr/m/it/10.95 J. Am. Coll. Car-diol.\T1/cmr/m/n/10.95 , vol. 71, no. 19, pp. e127--e248, 2018. DOI:
 []

File: picture/logoSW2026.pdf Graphic file (type pdf)
<use picture/logoSW2026.pdf>
Package pdftex.def Info: picture/logoSW2026.pdf  used on input line 1150.
(pdftex.def)             Requested size: 512.1496pt x 60.88986pt.

Overfull \hbox (25.89198pt too wide) has occurred while \output is active
[][]|  
 []


Package fancyhdr Warning: \headheight is too small (35.0pt): 
(fancyhdr)                Make it at least 64.9699pt, for example:
(fancyhdr)                \setlength{\headheight}{64.9699pt}.
(fancyhdr)                You might also make \topmargin smaller:
(fancyhdr)                \addtolength{\topmargin}{-29.9699pt}.

[27]
File: picture/logoSW2026.pdf Graphic file (type pdf)
<use picture/logoSW2026.pdf>
Package pdftex.def Info: picture/logoSW2026.pdf  used on input line 1169.
(pdftex.def)             Requested size: 512.1496pt x 60.88986pt.

Overfull \hbox (25.89198pt too wide) has occurred while \output is active
[][]|  
 []


Package fancyhdr Warning: \headheight is too small (35.0pt): 
(fancyhdr)                Make it at least 64.9699pt, for example:
(fancyhdr)                \setlength{\headheight}{64.9699pt}.
(fancyhdr)                You might also make \topmargin smaller:
(fancyhdr)                \addtolength{\topmargin}{-29.9699pt}.

[28] (informe_proyecto_ia.aux
LaTeX Info: Redefining \. on input line 10.
LaTeX Info: Redefining \% on input line 10.
)
 ***********
LaTeX2e <2025-11-01>
L3 programming layer <2026-01-19>
 ***********
Package rerunfilecheck Info: File `informe_proyecto_ia.out' has not changed.
(rerunfilecheck)             Checksum: 8246A5C3992A9665D61345E7133937E9;10373.
 ) 
Here is how much of TeX's memory you used:
 19083 strings out of 467867
 303783 string characters out of 5418818
 1286829 words of memory out of 5000000
 47492 multiletter control sequences out of 15000+600000
 645560 words of font info for 84 fonts, out of 8000000 for 9000
 1141 hyphenation exceptions out of 8191
 75i,16n,79p,1288b,2170s stack positions out of 10000i,1000n,20000p,200000b,200000s
 <C:\Users\Joel\AppData\Local\MiKTeX\fonts/pk/ljfour/jknappen/ec/dpi600\ecrm0800.pk> <C:\Users\Joel\AppData\Local\MiKTeX\fonts/pk/ljfour/jknappen/ec/dpi600\ectt0900.pk> <C:\Users\Joel\AppData\Local\MiKTeX\fonts/pk/ljfour/jknappen/ec/dpi600\ecrm0600.pk> <C:\Users\Joel\AppData\Local\MiKTeX\fonts/pk/ljfour/jknappen/ec/dpi600\tcbx1095.pk> <C:\Users\Joel\AppData\Local\MiKTeX\fonts/pk/ljfour/jknappen/ec/dpi600\tcrm1095.pk> <C:\Users\Joel\AppData\Local\MiKTeX\fonts/pk/ljfour/jknappen/ec/dpi600\ectt1095.pk> <C:\Users\Joel\AppData\Local\MiKTeX\fonts/pk/ljfour/jknappen/ec/dpi600\ecrm0900.pk> <C:\Users\Joel\AppData\Local\MiKTeX\fonts/pk/ljfour/jknappen/ec/dpi600\ecti0900.pk> <C:\Users\Joel\AppData\Local\MiKTeX\fonts/pk/ljfour/jknappen/ec/dpi600\tcrm1000.pk> <C:\Users\Joel\AppData\Local\MiKTeX\fonts/pk/ljfour/jknappen/ec/dpi600\ecrm1000.pk> <C:\Users\Joel\AppData\Local\MiKTeX\fonts/pk/ljfour/jknappen/ec/dpi600\ecbx1000.pk> <C:\Users\Joel\AppData\Local\MiKTeX\fonts/pk/ljfour/jknappen/ec/dpi600\ecti1095.pk> <C:\Users\Joel\AppData\Local\MiKTeX\fonts/pk/ljfour/jknappen/ec/dpi600\ecbx1200.pk> <C:\Users\Joel\AppData\Local\MiKTeX\fonts/pk/ljfour/jknappen/ec/dpi600\ecrm1095.pk> <C:\Users\Joel\AppData\Local\MiKTeX\fonts/pk/ljfour/jknappen/ec/dpi600\ecbx1440.pk> <C:\Users\Joel\AppData\Local\MiKTeX\fonts/pk/ljfour/jknappen/ec/dpi600\ecbx1095.pk><C:/Users/Joel/AppData/Local/Programs/MiKTeX/fonts/type1/public/amsfonts/cm/cmex10.pfb><C:/Users/Joel/AppData/Local/Programs/MiKTeX/fonts/type1/public/amsfonts/cm/cmmi10.pfb><C:/Users/Joel/AppData/Local/Programs/MiKTeX/fonts/type1/public/amsfonts/cm/cmmi6.pfb><C:/Users/Joel/AppData/Local/Programs/MiKTeX/fonts/type1/public/amsfonts/cm/cmmi8.pfb><C:/Users/Joel/AppData/Local/Programs/MiKTeX/fonts/type1/public/amsfonts/cm/cmr10.pfb><C:/Users/Joel/AppData/Local/Programs/MiKTeX/fonts/type1/public/amsfonts/cm/cmr6.pfb><C:/Users/Joel/AppData/Local/Programs/MiKTeX/fonts/type1/public/amsfonts/cm/cmr8.pfb><C:/Users/Joel/AppData/Local/Programs/MiKTeX/fonts/type1/public/amsfonts/cm/cmsy10.pfb><C:/Users/Joel/AppData/Local/Programs/MiKTeX/fonts/type1/public/amsfonts/cm/cmsy8.pfb>
Output written on informe_proyecto_ia.pdf (28 pages, 870592 bytes).
PDF statistics:
 1276 PDF objects out of 1440 (max. 8388607)
 244 named destinations out of 1000 (max. 500000)
 12725 words of extra memory for PDF output out of 14400 (max. 10000000)

