\BOOKMARK [1][-]{section.1}{\376\377\000P\000O\000R\000T\000A\000D\000A}{}% 1
\BOOKMARK [1][-]{section.2}{\376\377\000I\000N\000F\000O\000R\000M\000E\000\040\000D\000E\000L\000\040\000P\000R\000O\000Y\000E\000C\000T\000O}{}% 2
\BOOKMARK [2][-]{subsection.2.1}{\376\377\000I\000n\000t\000r\000o\000d\000u\000c\000c\000i\000\363\000n\000\040\000y\000\040\000O\000b\000j\000e\000t\000i\000v\000o\000s}{section.2}% 3
\BOOKMARK [3][-]{subsubsection.2.1.1}{\376\377\000C\000o\000n\000t\000e\000x\000t\000o}{subsection.2.1}% 4
\BOOKMARK [3][-]{subsubsection.2.1.2}{\376\377\000P\000o\000r\000\040\000q\000u\000\351\000\040\000L\000\363\000g\000i\000c\000a\000\040\000D\000i\000f\000u\000s\000a}{subsection.2.1}% 5
\BOOKMARK [3][-]{subsubsection.2.1.3}{\376\377\000P\000o\000r\000\040\000q\000u\000\351\000\040\000u\000n\000\040\000A\000l\000g\000o\000r\000i\000t\000m\000o\000\040\000G\000e\000n\000\351\000t\000i\000c\000o}{subsection.2.1}% 6
\BOOKMARK [3][-]{subsubsection.2.1.4}{\376\377\000O\000b\000j\000e\000t\000i\000v\000o\000\040\000G\000e\000n\000e\000r\000a\000l}{subsection.2.1}% 7
\BOOKMARK [3][-]{subsubsection.2.1.5}{\376\377\000O\000b\000j\000e\000t\000i\000v\000o\000s\000\040\000E\000s\000p\000e\000c\000\355\000f\000i\000c\000o\000s}{subsection.2.1}% 8
\BOOKMARK [2][-]{subsection.2.2}{\376\377\000D\000a\000t\000a\000s\000e\000t\000\040\000y\000\040\000S\000e\000l\000e\000c\000c\000i\000\363\000n}{section.2}% 9
\BOOKMARK [3][-]{subsubsection.2.2.1}{\376\377\000F\000u\000e\000n\000t\000e\000\040\000y\000\040\000D\000e\000s\000c\000r\000i\000p\000c\000i\000\363\000n\000\040\000d\000e\000l\000\040\000D\000a\000t\000a\000s\000e\000t}{subsection.2.2}% 10
\BOOKMARK [3][-]{subsubsection.2.2.2}{\376\377\000J\000u\000s\000t\000i\000f\000i\000c\000a\000c\000i\000\363\000n\000\040\000d\000e\000\040\000l\000a\000\040\000E\000l\000e\000c\000c\000i\000\363\000n\000\040\000d\000e\000l\000\040\000D\000a\000t\000a\000s\000e\000t}{subsection.2.2}% 11
\BOOKMARK [3][-]{subsubsection.2.2.3}{\376\377\000P\000r\000e\000p\000r\000o\000c\000e\000s\000a\000m\000i\000e\000n\000t\000o}{subsection.2.2}% 12
\BOOKMARK [2][-]{subsection.2.3}{\376\377\000R\000e\000v\000i\000s\000i\000\363\000n\000\040\000d\000e\000\040\000L\000i\000t\000e\000r\000a\000t\000u\000r\000a\000\040\000y\000\040\000D\000e\000f\000i\000n\000i\000c\000i\000\363\000n\000\040\000d\000e\000\040\000V\000a\000r\000i\000a\000b\000l\000e\000s\000\040\000D\000i\000f\000u\000s\000a\000s}{section.2}% 13
\BOOKMARK [3][-]{subsubsection.2.3.1}{\376\377\000P\000r\000o\000c\000e\000s\000o\000\040\000d\000e\000\040\000I\000n\000v\000e\000s\000t\000i\000g\000a\000c\000i\000\363\000n}{subsection.2.3}% 14
\BOOKMARK [3][-]{subsubsection.2.3.2}{\376\377\000T\000r\000a\000b\000a\000j\000o\000s\000\040\000R\000e\000l\000a\000c\000i\000o\000n\000a\000d\000o\000s}{subsection.2.3}% 15
\BOOKMARK [2][-]{subsection.2.4}{\376\377\000S\000i\000s\000t\000e\000m\000a\000\040\000d\000e\000\040\000L\000\363\000g\000i\000c\000a\000\040\000D\000i\000f\000u\000s\000a\000\040\000\050\000M\000o\000t\000o\000r\000\040\000M\000a\000m\000d\000a\000n\000i\000\051}{section.2}% 16
\BOOKMARK [3][-]{subsubsection.2.4.1}{\376\377\000E\000l\000\040\000M\000o\000d\000e\000l\000o\000\040\000d\000e\000\040\000I\000n\000f\000e\000r\000e\000n\000c\000i\000a\000\040\000M\000a\000m\000d\000a\000n\000i}{subsection.2.4}% 17
\BOOKMARK [3][-]{subsubsection.2.4.2}{\376\377\000F\000u\000n\000c\000i\000o\000n\000e\000s\000\040\000d\000e\000\040\000M\000e\000m\000b\000r\000e\000s\000\355\000a\000\040\000T\000r\000a\000p\000e\000z\000o\000i\000d\000a\000l\000e\000s}{subsection.2.4}% 18
\BOOKMARK [3][-]{subsubsection.2.4.3}{\376\377\000V\000a\000r\000i\000a\000b\000l\000e\000s\000\040\000d\000e\000\040\000E\000n\000t\000r\000a\000d\000a\000:\000\040\000C\000a\000t\000e\000g\000o\000r\000\355\000a\000s\000\040\000y\000\040\000P\000a\000r\000\341\000m\000e\000t\000r\000o\000s}{subsection.2.4}% 19
\BOOKMARK [3][-]{subsubsection.2.4.4}{\376\377\000V\000a\000r\000i\000a\000b\000l\000e\000\040\000d\000e\000\040\000S\000a\000l\000i\000d\000a\000:\000\040\000P\000u\000n\000t\000a\000j\000e\000\040\000d\000e\000\040\000R\000i\000e\000s\000g\000o}{subsection.2.4}% 20
\BOOKMARK [3][-]{subsubsection.2.4.5}{\376\377\000M\000\351\000t\000o\000d\000o\000\040\000d\000e\000\040\000I\000n\000d\000u\000c\000c\000i\000\363\000n\000\040\000d\000e\000\040\000R\000e\000g\000l\000a\000s\000:\000\040\000P\000R\000I\000S\000M\000\040\000y\000\040\000R\000I\000P\000P\000E\000R}{subsection.2.4}% 21
\BOOKMARK [3][-]{subsubsection.2.4.6}{\376\377\000L\000a\000s\000\040\0001\0005\000\040\000R\000e\000g\000l\000a\000s\000\040\000D\000i\000f\000u\000s\000a\000s}{subsection.2.4}% 22
\BOOKMARK [3][-]{subsubsection.2.4.7}{\376\377\000P\000r\000o\000c\000e\000s\000o\000\040\000d\000e\000\040\000I\000n\000f\000e\000r\000e\000n\000c\000i\000a\000\040\000M\000a\000m\000d\000a\000n\000i\000:\000\040\000P\000a\000s\000o\000\040\000a\000\040\000P\000a\000s\000o}{subsection.2.4}% 23
\BOOKMARK [3][-]{subsubsection.2.4.8}{\376\377\000I\000m\000p\000l\000e\000m\000e\000n\000t\000a\000c\000i\000\363\000n\000:\000\040\000M\000o\000t\000o\000r\000\040\000V\000e\000c\000t\000o\000r\000i\000z\000a\000d\000o}{subsection.2.4}% 24
\BOOKMARK [2][-]{subsection.2.5}{\376\377\000A\000l\000g\000o\000r\000i\000t\000m\000o\000\040\000G\000e\000n\000\351\000t\000i\000c\000o}{section.2}% 25
\BOOKMARK [3][-]{subsubsection.2.5.1}{\376\377\000M\000o\000t\000i\000v\000a\000c\000i\000\363\000n\000:\000\040\000P\000o\000r\000\040\000q\000u\000\351\000\040\000O\000p\000t\000i\000m\000i\000z\000a\000r\000\040\000c\000o\000n\000\040\000u\000n\000\040\000A\000l\000g\000o\000r\000i\000t\000m\000o\000\040\000G\000e\000n\000\351\000t\000i\000c\000o}{subsection.2.5}% 26
\BOOKMARK [3][-]{subsubsection.2.5.2}{\376\377\000C\000o\000d\000i\000f\000i\000c\000a\000c\000i\000\363\000n\000\040\000d\000e\000l\000\040\000C\000r\000o\000m\000o\000s\000o\000m\000a}{subsection.2.5}% 27
\BOOKMARK [3][-]{subsubsection.2.5.3}{\376\377\000P\000o\000b\000l\000a\000c\000i\000\363\000n\000\040\000I\000n\000i\000c\000i\000a\000l}{subsection.2.5}% 28
\BOOKMARK [3][-]{subsubsection.2.5.4}{\376\377\000F\000u\000n\000c\000i\000\363\000n\000\040\000d\000e\000\040\000F\000i\000t\000n\000e\000s\000s}{subsection.2.5}% 29
\BOOKMARK [3][-]{subsubsection.2.5.5}{\376\377\000S\000e\000l\000e\000c\000c\000i\000\363\000n\000\040\000p\000o\000r\000\040\000T\000o\000r\000n\000e\000o}{subsection.2.5}% 30
\BOOKMARK [3][-]{subsubsection.2.5.6}{\376\377\000C\000r\000u\000c\000e\000\040\000A\000r\000i\000t\000m\000\351\000t\000i\000c\000o}{subsection.2.5}% 31
\BOOKMARK [3][-]{subsubsection.2.5.7}{\376\377\000M\000u\000t\000a\000c\000i\000\363\000n\000\040\000G\000a\000u\000s\000s\000i\000a\000n\000a}{subsection.2.5}% 32
\BOOKMARK [3][-]{subsubsection.2.5.8}{\376\377\000E\000l\000i\000t\000i\000s\000m\000o}{subsection.2.5}% 33
\BOOKMARK [3][-]{subsubsection.2.5.9}{\376\377\000E\000a\000r\000l\000y\000\040\000S\000t\000o\000p\000p\000i\000n\000g}{subsection.2.5}% 34
\BOOKMARK [3][-]{subsubsection.2.5.10}{\376\377\000M\000e\000c\000a\000n\000i\000s\000m\000o\000\040\000d\000e\000\040\000R\000e\000p\000a\000r\000a\000c\000i\000\363\000n\000\040\000d\000e\000l\000\040\000C\000r\000o\000m\000o\000s\000o\000m\000a}{subsection.2.5}% 35
\BOOKMARK [3][-]{subsubsection.2.5.11}{\376\377\000P\000a\000r\000\341\000m\000e\000t\000r\000o\000s\000\040\000d\000e\000l\000\040\000A\000l\000g\000o\000r\000i\000t\000m\000o\000\040\000G\000e\000n\000\351\000t\000i\000c\000o}{subsection.2.5}% 36
\BOOKMARK [2][-]{subsection.2.6}{\376\377\000A\000r\000q\000u\000i\000t\000e\000c\000t\000u\000r\000a\000\040\000d\000e\000l\000\040\000S\000i\000s\000t\000e\000m\000a}{section.2}% 37
\BOOKMARK [3][-]{subsubsection.2.6.1}{\376\377\000V\000i\000s\000i\000\363\000n\000\040\000G\000e\000n\000e\000r\000a\000l}{subsection.2.6}% 38
\BOOKMARK [3][-]{subsubsection.2.6.2}{\376\377\000F\000l\000u\000j\000o\000\040\000C\000o\000m\000p\000l\000e\000t\000o\000\040\000d\000e\000\040\000u\000n\000a\000\040\000P\000r\000e\000d\000i\000c\000c\000i\000\363\000n}{subsection.2.6}% 39
\BOOKMARK [3][-]{subsubsection.2.6.3}{\376\377\000E\000s\000t\000r\000u\000c\000t\000u\000r\000a\000\040\000d\000e\000l\000\040\000P\000r\000o\000y\000e\000c\000t\000o}{subsection.2.6}% 40
\BOOKMARK [3][-]{subsubsection.2.6.4}{\376\377\000P\000e\000r\000s\000i\000s\000t\000e\000n\000c\000i\000a\000\040\000d\000e\000l\000\040\000M\000o\000d\000e\000l\000o}{subsection.2.6}% 41
\BOOKMARK [2][-]{subsection.2.7}{\376\377\000R\000e\000s\000u\000l\000t\000a\000d\000o\000s\000\040\000y\000\040\000A\000n\000\341\000l\000i\000s\000i\000s}{section.2}% 42
\BOOKMARK [3][-]{subsubsection.2.7.1}{\376\377\000C\000o\000m\000p\000a\000r\000a\000t\000i\000v\000a\000\040\000B\000a\000s\000e\000\040\000v\000s\000.\000\040\000O\000p\000t\000i\000m\000i\000z\000a\000d\000o}{subsection.2.7}% 43
\BOOKMARK [3][-]{subsubsection.2.7.2}{\376\377\000E\000v\000o\000l\000u\000c\000i\000\363\000n\000\040\000d\000e\000l\000\040\000F\000i\000t\000n\000e\000s\000s}{subsection.2.7}% 44
\BOOKMARK [3][-]{subsubsection.2.7.3}{\376\377\000A\000n\000\341\000l\000i\000s\000i\000s\000\040\000d\000e\000\040\000R\000e\000s\000u\000l\000t\000a\000d\000o\000s}{subsection.2.7}% 45
\BOOKMARK [2][-]{subsection.2.8}{\376\377\000A\000n\000\341\000l\000i\000s\000i\000s\000\040\000d\000e\000\040\000S\000e\000n\000s\000i\000b\000i\000l\000i\000d\000a\000d}{section.2}% 46
\BOOKMARK [3][-]{subsubsection.2.8.1}{\376\377\000V\000a\000r\000i\000a\000b\000l\000e\000\040\000m\000\341\000s\000\040\000I\000n\000f\000l\000u\000y\000e\000n\000t\000e}{subsection.2.8}% 47
\BOOKMARK [3][-]{subsubsection.2.8.2}{\376\377\000C\000a\000s\000o\000s\000\040\000E\000x\000t\000r\000e\000m\000o\000s}{subsection.2.8}% 48
\BOOKMARK [2][-]{subsection.2.9}{\376\377\000L\000i\000m\000i\000t\000a\000c\000i\000o\000n\000e\000s}{section.2}% 49
\BOOKMARK [2][-]{subsection.2.10}{\376\377\000C\000o\000n\000c\000l\000u\000s\000i\000o\000n\000e\000s}{section.2}% 50
\BOOKMARK [2][-]{subsection.2.11}{\376\377\000R\000e\000c\000o\000m\000e\000n\000d\000a\000c\000i\000o\000n\000e\000s}{section.2}% 51
\BOOKMARK [2][-]{subsection.2.12}{\376\377\000R\000e\000f\000e\000r\000e\000n\000c\000i\000a\000s\000\040\000B\000i\000b\000l\000i\000o\000g\000r\000\341\000f\000i\000c\000a\000s}{section.2}% 52
